<?xml version="1.0" encoding="UTF-8"?>
<testsuite xmlns:xsi="http://www.w3.org/2001/XMLSchema-instance" xsi:noNamespaceSchemaLocation="https://maven.apache.org/surefire/maven-surefire-plugin/xsd/surefire-test-report.xsd" version="3.0.2" name="com.example.bai8.Bai8ApplicationTests" time="13.181" tests="1" errors="0" skipped="0" failures="0">
  <properties>
[...]
</properties>
  <testcase name="contextLoads" classname="com.example.bai8.Bai8ApplicationTests" time="0.302">
    <system-out><![CDATA[15:26:18.618 [main] INFO org.springframework.test.context.support.AnnotationConfigContextLoaderUtils -- Could not detect default configuration classes for test class [com.example.bai8.Bai8ApplicationTests]: Bai8ApplicationTests does not declare any static, non-private, non-final, nested classes annotated with @Configuration.
15:26:18.730 [main] INFO org.springframework.boot.test.context.SpringBootTestContextBootstrapper -- Found @SpringBootConfiguration com.example.bai8.Bai8Application for test class com.example.bai8.Bai8ApplicationTests

  .   ____          _            __ _ _
 /\\ / ___'_ __ _ _(_)_ __  __ _ \ \ \ \
( ( )\___ | '_ | '_| | '_ \/ _` | \ \ \ \
 \\/  ___)| |_)| | | | | || (_| |  ) ) ) )
  '  |____| .__|_| |_|_| |_\__, | / / / /
 =========|_|==============|___/=/_/_/_/

 :: Spring Boot ::               (v3.5.10)

2026-03-27T15:26:19.123+07:00  INFO 23032 --- [bai8] [           main] com.example.bai8.Bai8ApplicationTests    : Starting Bai8ApplicationTests using Java 23.0.2 with PID 23032 (started by truon in D:\Bai8)
2026-03-27T15:26:19.124+07:00  INFO 23032 --- [bai8] [           main] com.example.bai8.Bai8ApplicationTests    : No active profile set, falling back to 1 default profile: "default"
2026-03-27T15:26:19.883+07:00  INFO 23032 --- [bai8] [           main] .s.d.r.c.RepositoryConfigurationDelegate : Bootstrapping Spring Data JPA repositories in DEFAULT mode.
2026-03-27T15:26:19.940+07:00  INFO 23032 --- [bai8] [           main] .s.d.r.c.RepositoryConfigurationDelegate : Finished Spring Data repository scanning in 48 ms. Found 4 JPA repository interfaces.
2026-03-27T15:26:20.467+07:00  INFO 23032 --- [bai8] [           main] o.hibernate.jpa.internal.util.LogHelper  : HHH000204: Processing PersistenceUnitInfo [name: default]
2026-03-27T15:26:20.515+07:00  INFO 23032 --- [bai8] [           main] org.hibernate.Version                    : HHH000412: Hibernate ORM core version 6.6.41.Final
2026-03-27T15:26:20.548+07:00  INFO 23032 --- [bai8] [           main] o.h.c.internal.RegionFactoryInitiator    : HHH000026: Second-level cache disabled
2026-03-27T15:26:28.799+07:00  INFO 23032 --- [bai8] [           main] o.s.o.j.p.SpringPersistenceUnitInfo      : No LoadTimeWeaver setup: ignoring JPA class transformer
2026-03-27T15:26:28.825+07:00  INFO 23032 --- [bai8] [           main] com.zaxxer.hikari.HikariDataSource       : HikariPool-1 - Starting...
2026-03-27T15:26:29.096+07:00  INFO 23032 --- [bai8] [           main] com.zaxxer.hikari.pool.HikariPool        : HikariPool-1 - Added connection com.mysql.cj.jdbc.ConnectionImpl@72ec16f8
2026-03-27T15:26:29.097+07:00  INFO 23032 --- [bai8] [           main] com.zaxxer.hikari.HikariDataSource       : HikariPool-1 - Start completed.
2026-03-27T15:26:29.173+07:00  INFO 23032 --- [bai8] [           main] org.hibernate.orm.connections.pooling    : HHH10001005: Database info:
	Database JDBC URL [Connecting through datasource 'HikariDataSource (HikariPool-1)']
	Database driver: undefined/unknown
	Database version: 8.4.3
	Autocommit mode: undefined/unknown
	Isolation level: undefined/unknown
	Minimum pool size: undefined/unknown
	Maximum pool size: undefined/unknown
2026-03-27T15:26:29.983+07:00  INFO 23032 --- [bai8] [           main] o.h.e.t.j.p.i.JtaPlatformInitiator       : HHH000489: No JTA platform available (set 'hibernate.transaction.jta.platform' to enable JTA platform integration)
2026-03-27T15:26:30.051+07:00  INFO 23032 --- [bai8] [           main] j.LocalContainerEntityManagerFactoryBean : Initialized JPA EntityManagerFactory for persistence unit 'default'
2026-03-27T15:26:30.455+07:00  WARN 23032 --- [bai8] [           main] JpaBaseConfiguration$JpaWebConfiguration : spring.jpa.open-in-view is enabled by default. Therefore, database queries may be performed during view rendering. Explicitly configure spring.jpa.open-in-view to disable this warning
2026-03-27T15:26:30.505+07:00  INFO 23032 --- [bai8] [           main] o.s.s.p.JdbcUserDetailsManager           : No authentication manager set. Reauthentication of users when changing passwords will not be performed.
2026-03-27T15:26:30.512+07:00  INFO 23032 --- [bai8] [           main] r$InitializeUserDetailsManagerConfigurer : Global AuthenticationManager configured with UserDetailsService bean with name userDetailsService
2026-03-27T15:26:31.247+07:00  INFO 23032 --- [bai8] [           main] com.example.bai8.Bai8ApplicationTests    : Started Bai8ApplicationTests in 12.365 seconds (process running for 13.225)
Hibernate: 
    select
        p1_0.id,
        p1_0.category,
        p1_0.code,
        p1_0.image,
        p1_0.name,
        p1_0.price 
    from
        products p1_0 
    order by
        p1_0.id
]]></system-out>
    <system-err><![CDATA[Mockito is currently self-attaching to enable the inline-mock-maker. This will no longer work in future releases of the JDK. Please add Mockito as an agent to your build as described in Mockito's documentation: https://javadoc.io/doc/org.mockito/mockito-core/latest/org.mockito/org/mockito/Mockito.html#0.3
WARNING: A Java agent has been loaded dynamically (D:\Bai8\.m2\repository\net\bytebuddy\byte-buddy-agent\1.17.8\byte-buddy-agent-1.17.8.jar)
WARNING: If a serviceability tool is in use, please run with -XX:+EnableDynamicAgentLoading to hide this warning
WARNING: If a serviceability tool is not in use, please run with -Djdk.instrument.traceUsage for more information
WARNING: Dynamic loading of agents will be disallowed by default in a future release
]]></system-err>
  </testcase>
</testsuite>